Namespace(ANNEAL=0.5, BATCH=32, EMBED=20, EMPTY_CUDA_MEMORY=False, ENC_METHOD='bow', FIX_STORY=50, LR=0.01, LS=False, PRINT_EVERY=1, ROOT='./data/QA_bAbI_tasks/en-valid-10k/', SAVE_BEST=True, SAVE_MODEL=True, SAVE_PATH='./saved_models/rnnlike/bow/task2.model', STEP=100, TASK=2, TEMPROAL=False, THRES=5, USE_CUDA=True, W_STYLE='rnnlike')
----------------------------------------
[1/100] (train) loss 61.5022 | (valid) loss 57.0072
[2/100] (train) loss 56.4746 | (valid) loss 52.4604
[3/100] (train) loss 53.2883 | (valid) loss 49.3445
[4/100] (train) loss 49.5489 | (valid) loss 39.7217
[5/100] (train) loss 36.4844 | (valid) loss 33.0596
[6/100] (train) loss 34.3282 | (valid) loss 32.7062
[7/100] (train) loss 33.5722 | (valid) loss 32.9348
[8/100] (train) loss 33.1759 | (valid) loss 32.1827
[9/100] (train) loss 32.8916 | (valid) loss 31.9762
[10/100] (train) loss 32.6745 | (valid) loss 31.2740
[11/100] (train) loss 32.5459 | (valid) loss 30.9039
[12/100] (train) loss 32.3159 | (valid) loss 30.5472
[13/100] (train) loss 32.1696 | (valid) loss 30.9167
[14/100] (train) loss 32.1299 | (valid) loss 31.0639
[15/100] (train) loss 32.0602 | (valid) loss 30.8928
[16/100] (train) loss 32.0220 | (valid) loss 31.3509
[17/100] (train) loss 31.9035 | (valid) loss 31.3467
EARLY BREAK: valid loss goes over the patient number 5

Training Excution time with validation: 0 h 0 m 28.0840 s
